2024-05-15 20:42:43:4243 [32minfo[39m: [32mConexión a la base de datos establecida[39m
2024-05-15 20:49:14:4914 [32minfo[39m: [32mConexión a la base de datos establecida[39m
2024-05-15 20:50:20:5020 [32minfo[39m: [32mConexión a la base de datos establecida[39m
2024-05-15 20:52:05:525 [32minfo[39m: [32mConexión a la base de datos establecida[39m
2024-05-15 20:52:28:5228 [32minfo[39m: [32mConexión a la base de datos establecida[39m
2024-05-15 20:53:50:5350 [32minfo[39m: [32mConexión a la base de datos establecida[39m
2024-05-15 21:00:08:08 [32minfo[39m: [32mConexión a la base de datos establecida[39m
2024-05-15 21:03:22:322 [32minfo[39m: [32mConexión a la base de datos establecida[39m
2024-05-15 21:06:15:615 [32minfo[39m: [32mConexión a la base de datos establecida[39m
2024-05-15 21:17:18:1718 [32minfo[39m: [32mConexión a la base de datos establecida[39m
2024-05-15 21:21:47:2147 [32minfo[39m: [32mConexión a la base de datos establecida[39m
2024-05-15 21:21:47:2147 [32minfo[39m: [32mSe obtuvieron todos los docentes[39m
2024-05-15 21:22:15:2215 [32minfo[39m: [32mConexión a la base de datos establecida[39m
2024-05-15 21:22:15:2215 [35mhttp[39m: [35mSe obtuvieron todos los docentes[39m
2024-05-15 22:26:04:264 [32minfo[39m: [32mConexión a la base de datos establecida[39m
2024-05-15 22:26:04:264 [35mhttp[39m: [35mSe obtuvieron todos los docentes[39m
2024-05-15 22:46:54:4654 [32minfo[39m: [32mConexión a la base de datos establecida[39m
2024-05-15 22:48:41:4841 [32minfo[39m: [32mConexión a la base de datos establecida[39m
2024-05-15 22:50:00:500 [32minfo[39m: [32mConexión a la base de datos establecida[39m
2024-05-15 23:01:13:113 [32minfo[39m: [32mConexión a la base de datos establecida[39m
2024-05-15 23:02:01:21 [32minfo[39m: [32mConexión a la base de datos establecida[39m
2024-05-15 23:10:10:1010 [32minfo[39m: [32mConexión a la base de datos establecida[39m
2024-05-15 23:11:46:1146 [32minfo[39m: [32mConexión a la base de datos establecida[39m
2024-05-15 23:16:41:1641 [32minfo[39m: [32mConexión a la base de datos establecida[39m
2024-05-15 23:17:27:1727 [32minfo[39m: [32mConexión a la base de datos establecida[39m
2024-05-15 23:22:19:2219 [32minfo[39m: [32mConexión a la base de datos establecida[39m
2024-05-15 23:23:49:2349 [32minfo[39m: [32mConexión a la base de datos establecida[39m
2024-05-15 23:25:12:2512 [32minfo[39m: [32mConexión a la base de datos establecida[39m
2024-05-15 23:29:06:296 [32minfo[39m: [32mConexión a la base de datos establecida[39m
2024-05-16 00:14:37:1437 [32minfo[39m: [32mConexión a la base de datos establecida[39m
2024-05-16 00:14:41:1441 [35mhttp[39m: [35mSe obtuvieron todos los docentes[39m
2024-05-16 00:16:29:1629 [31merror[39m: [31mError al autenticar usuario[39m
2024-05-16 00:19:40:1940 [32minfo[39m: [32mConexión a la base de datos establecida[39m
2024-05-16 00:19:40:1940 [31merror[39m: [31mError al autenticar usuario[39m
2024-05-16 00:20:47:2047 [32minfo[39m: [32mConexión a la base de datos establecida[39m
2024-05-16 00:20:48:2048 [31merror[39m: [31mError al autenticar usuario[39m
2024-05-16 00:21:17:2117 [32minfo[39m: [32mConexión a la base de datos establecida[39m
2024-05-16 00:21:17:2117 [31merror[39m: [31mError al autenticar usuario[39m
2024-05-16 00:27:55:2755 [32minfo[39m: [32mConexión a la base de datos establecida[39m
2024-05-16 00:27:55:2755 [31merror[39m: [31mError al autenticar usuario[39m
2024-05-16 00:28:29:2829 [32minfo[39m: [32mConexión a la base de datos establecida[39m
2024-05-16 00:28:29:2829 [31merror[39m: [31mError al autenticar usuario[39m
2024-05-16 00:31:29:3129 [32minfo[39m: [32mConexión a la base de datos establecida[39m
2024-05-16 00:31:29:3129 [31merror[39m: [31mError al autenticar usuario[39m
2024-05-16 00:31:38:3138 [32minfo[39m: [32mConexión a la base de datos establecida[39m
2024-05-16 00:31:38:3138 [31merror[39m: [31mError al autenticar usuario[39m
2024-05-16 00:32:18:3218 [32minfo[39m: [32mConexión a la base de datos establecida[39m
2024-05-16 00:32:18:3218 [31merror[39m: [31mError al autenticar usuario[39m
2024-05-16 00:33:03:333 [32minfo[39m: [32mConexión a la base de datos establecida[39m
2024-05-16 00:33:03:333 [31merror[39m: [31mError al autenticar usuario[39m
2024-05-16 00:46:20:4620 [32minfo[39m: [32mConexión a la base de datos establecida[39m
2024-05-16 00:46:20:4620 [31merror[39m: [31mError al autenticar usuario[39m
2024-05-16 00:47:16:4716 [32minfo[39m: [32mConexión a la base de datos establecida[39m
2024-05-16 00:47:16:4716 [31merror[39m: [31mError al autenticar usuario[39m
2024-05-16 00:51:17:5117 [32minfo[39m: [32mConexión a la base de datos establecida[39m
2024-05-16 00:51:17:5117 [31merror[39m: [31mError al autenticar usuario[39m
2024-05-16 01:03:49:349 [32minfo[39m: [32mConexión a la base de datos establecida[39m
2024-05-16 01:05:49:549 [31merror[39m: [31mError al autenticar usuario[39m
2024-05-16 01:15:58:1558 [32minfo[39m: [32mConexión a la base de datos establecida[39m
2024-05-16 01:15:58:1558 [31merror[39m: [31mError al autenticar usuario[39m
2024-05-16 01:16:51:1651 [32minfo[39m: [32mConexión a la base de datos establecida[39m
2024-05-16 01:16:51:1651 [31merror[39m: [31mError al autenticar usuario[39m
2024-05-16 01:18:20:1820 [31merror[39m: [31mError al autenticar usuario[39m
2024-05-16 01:19:28:1928 [32minfo[39m: [32mConexión a la base de datos establecida[39m
2024-05-16 01:19:28:1928 [31merror[39m: [31mError al autenticar usuario[39m
2024-05-16 01:19:38:1938 [31merror[39m: [31mError al autenticar usuario[39m
2024-05-16 01:20:52:2052 [32minfo[39m: [32mConexión a la base de datos establecida[39m
2024-05-16 01:20:52:2052 [31merror[39m: [31mError al autenticar usuario[39m
2024-05-16 01:25:07:257 [32minfo[39m: [32mConexión a la base de datos establecida[39m
2024-05-16 01:25:07:257 [31merror[39m: [31mError al autenticar usuario[39m
2024-05-16 01:25:34:2534 [31merror[39m: [31mError al autenticar usuario[39m
2024-05-16 01:27:21:2721 [32minfo[39m: [32mConexión a la base de datos establecida[39m
2024-05-16 01:27:21:2721 [31merror[39m: [31mError al autenticar usuario[39m
2024-05-16 01:29:22:2922 [32minfo[39m: [32mConexión a la base de datos establecida[39m
2024-05-16 01:29:22:2922 [31merror[39m: [31mError al autenticar usuario[39m
2024-05-16 01:34:51:3451 [32minfo[39m: [32mConexión a la base de datos establecida[39m
2024-05-16 01:34:51:3451 [31merror[39m: [31mError al autenticar usuario[39m
2024-05-16 01:34:56:3456 [31merror[39m: [31mError al autenticar usuario[39m
2024-05-16 01:39:33:3933 [32minfo[39m: [32mConexión a la base de datos establecida[39m
2024-05-16 01:39:33:3933 [31merror[39m: [31mError al autenticar usuario[39m
2024-05-16 01:41:57:4157 [32minfo[39m: [32mConexión a la base de datos establecida[39m
2024-05-16 01:41:57:4157 [35mhttp[39m: [35mUsuario autenticado[39m
2024-05-16 01:42:36:4236 [32minfo[39m: [32mConexión a la base de datos establecida[39m
2024-05-16 01:42:36:4236 [31merror[39m: [31mError al autenticar usuario[39m
2024-05-16 01:44:13:4413 [32minfo[39m: [32mConexión a la base de datos establecida[39m
2024-05-16 01:44:13:4413 [35mhttp[39m: [35mUsuario autenticado[39m
2024-05-16 01:51:23:5123 [32minfo[39m: [32mConexión a la base de datos establecida[39m
2024-05-16 01:51:23:5123 [31merror[39m: [31mCredenciales incorrectas[39m
2024-05-16 01:51:23:5123 [35mhttp[39m: [35mUsuario autenticado[39m
2024-05-16 01:52:55:5255 [32minfo[39m: [32mConexión a la base de datos establecida[39m
2024-05-16 01:52:55:5255 [31merror[39m: [31mUsuario o contraseña incorrectos[39m
2024-05-16 01:52:55:5255 [35mhttp[39m: [35mUsuario autenticado[39m
2024-05-16 01:53:04:534 [31merror[39m: [31mUsuario o contraseña incorrectos[39m
2024-05-16 01:53:04:534 [35mhttp[39m: [35mUsuario autenticado[39m
2024-05-16 01:53:54:5354 [32minfo[39m: [32mConexión a la base de datos establecida[39m
2024-05-16 01:53:54:5354 [31merror[39m: [31mUsuario o contraseña incorrectos[39m
2024-05-16 01:53:54:5354 [35mhttp[39m: [35mUsuario autenticado[39m
2024-05-16 01:56:02:562 [32minfo[39m: [32mConexión a la base de datos establecida[39m
2024-05-16 01:56:02:562 [31merror[39m: [31mUsuario o contraseña incorrectos[39m
2024-05-16 01:56:02:562 [35mhttp[39m: [35mUsuario autenticado[39m
2024-05-16 02:02:13:213 [32minfo[39m: [32mConexión a la base de datos establecida[39m
2024-05-16 02:02:13:213 [31merror[39m: [31mError al autenticar usuario[39m
2024-05-16 02:03:24:324 [32minfo[39m: [32mConexión a la base de datos establecida[39m
2024-05-16 02:03:24:324 [31merror[39m: [31mError al autenticar usuario[39m
2024-05-16 02:05:27:527 [32minfo[39m: [32mConexión a la base de datos establecida[39m
2024-05-16 02:05:27:527 [32minfo[39m: [32mUsuario autenticado correctamente[39m
2024-05-16 03:37:31:3731 [32minfo[39m: [32mConexión a la base de datos establecida[39m
2024-05-16 03:37:31:3731 [31merror[39m: [31mError al crear usuario[39m
2024-05-16 03:38:25:3825 [32minfo[39m: [32mUsuario creado correctamente[39m
2024-05-16 03:39:13:3913 [32minfo[39m: [32mUsuario autenticado correctamente[39m
2024-05-16 03:40:32:4032 [32minfo[39m: [32mUsuario autenticado correctamente[39m
2024-05-16 03:42:28:4228 [32minfo[39m: [32mUsuario autenticado correctamente[39m
2024-05-16 03:43:27:4327 [32minfo[39m: [32mUsuario autenticado correctamente[39m
2024-05-16 03:49:25:4925 [32minfo[39m: [32mConexión a la base de datos establecida[39m
2024-05-16 03:49:25:4925 [32minfo[39m: [32mUsuario autenticado correctamente[39m
2024-05-18 22:23:28:2328 [31merror[39m: [31mError al conectar a la base de datos: Unknown database 'gestion_horario'[39m
2024-05-18 22:26:31:2631 [31merror[39m: [31mError al conectar a la base de datos: Unknown database 'gestion_horario'[39m
2024-05-18 22:28:04:284 [31merror[39m: [31mError al conectar a la base de datos: Unknown database 'gestion_horario'[39m
2024-05-18 22:30:16:3016 [32minfo[39m: [32mConexión a la base de datos establecida[39m
2024-05-18 22:30:16:3016 [31merror[39m: [31mError creando tablas: Cannot read properties of undefined (reading 'schema')[39m
2024-05-18 22:30:54:3054 [32minfo[39m: [32mConexión a la base de datos establecida[39m
2024-05-18 22:30:54:3054 [31merror[39m: [31mError creando tablas: Cannot read properties of undefined (reading 'schema')[39m
2024-05-18 22:31:11:3111 [32minfo[39m: [32mConexión a la base de datos establecida[39m
2024-05-18 22:31:11:3111 [31merror[39m: [31mError creando tablas: Cannot read properties of undefined (reading 'schema')[39m
2024-05-18 22:31:25:3125 [32minfo[39m: [32mConexión a la base de datos establecida[39m
2024-05-18 22:31:25:3125 [31merror[39m: [31mError creando tablas: You have an error in your SQL syntax; check the manual that corresponds to your MySQL server version for the right syntax to use near 'CREATE TABLE IF NOT EXISTS tblPrograma ([39m
[31m                programa_id INT AUTO_IN' at line 2[39m
2024-05-18 22:34:36:3436 [32minfo[39m: [32mConexión a la base de datos establecida[39m
2024-05-18 22:34:36:3436 [31merror[39m: [31mError creando tablas: You have an error in your SQL syntax; check the manual that corresponds to your MySQL server version for the right syntax to use near 'CREATE TABLE IF NOT EXISTS tblPrograma ([39m
[31m                programa_id INT AUTO_IN' at line 2[39m
2024-05-18 22:37:54:3754 [32minfo[39m: [32mConexión a la base de datos establecida[39m
2024-05-18 22:37:54:3754 [31merror[39m: [31mError creando tablas: Referencing column 'ambiente_id' and referenced column 'ambiente_id' in foreign key constraint 'tblhorario_ibfk_3' are incompatible.[39m
2024-05-18 22:41:32:4132 [32minfo[39m: [32mConexión a la base de datos establecida[39m
2024-05-18 22:41:32:4132 [32minfo[39m: [32mTablas creadas correctamente[39m
2024-05-18 22:42:02:422 [32minfo[39m: [32mUsuario creado correctamente[39m
2024-05-18 22:42:32:4232 [32minfo[39m: [32mUsuario autenticado correctamente[39m
2024-05-18 22:42:37:4237 [35mhttp[39m: [35mSe obtuvieron todos los docentes[39m
2024-05-18 22:44:30:4430 [35mhttp[39m: [35mSe obtuvieron todos los docentes[39m
2024-05-18 22:45:16:4516 [32minfo[39m: [32mUsuario autenticado correctamente[39m
2024-05-19 12:40:02:402 [31merror[39m: [31mError al conectar a la base de datos: Unknown database 'gestion_horario'[39m
2024-05-19 12:40:55:4055 [32minfo[39m: [32mConexión a la base de datos establecida[39m
2024-05-19 12:40:55:4055 [32minfo[39m: [32mTablas creadas correctamente[39m
2024-05-19 12:43:37:4337 [32minfo[39m: [32mConexión a la base de datos establecida[39m
2024-05-19 12:43:37:4337 [32minfo[39m: [32mTablas creadas correctamente[39m
2024-05-19 12:45:28:4528 [32minfo[39m: [32mConexión a la base de datos establecida[39m
2024-05-19 12:45:28:4528 [32minfo[39m: [32mTablas creadas correctamente[39m
2024-05-19 12:45:34:4534 [35mhttp[39m: [35mSe obtuvieron todos los docentes[39m
2024-05-19 12:45:50:4550 [32minfo[39m: [32mConexión a la base de datos establecida[39m
2024-05-19 12:45:50:4550 [32minfo[39m: [32mTablas creadas correctamente[39m
2024-05-19 12:46:55:4655 [32minfo[39m: [32mConexión a la base de datos establecida[39m
2024-05-19 12:46:55:4655 [32minfo[39m: [32mTablas creadas correctamente[39m
2024-05-19 12:47:36:4736 [32minfo[39m: [32mConexión a la base de datos establecida[39m
2024-05-19 12:47:36:4736 [32minfo[39m: [32mTablas creadas correctamente[39m
2024-05-19 12:50:16:5016 [32minfo[39m: [32mConexión a la base de datos establecida[39m
2024-05-19 12:50:16:5016 [32minfo[39m: [32mTablas creadas correctamente[39m
2024-05-19 13:17:25:1725 [32minfo[39m: [32mConexión a la base de datos establecida[39m
2024-05-19 13:17:25:1725 [32minfo[39m: [32mTablas creadas correctamente[39m
2024-05-19 13:17:38:1738 [32minfo[39m: [32mProgramas obtenidos[39m
2024-05-19 13:20:56:2056 [32minfo[39m: [32mProgramas obtenidos[39m
2024-05-19 13:22:04:224 [32minfo[39m: [32mPrograma con id 27 obtenido[39m
2024-05-19 13:28:59:2859 [32minfo[39m: [32mConexión a la base de datos establecida[39m
2024-05-19 13:28:59:2859 [32minfo[39m: [32mTablas creadas correctamente[39m
2024-05-19 13:29:06:296 [32minfo[39m: [32mConexión a la base de datos establecida[39m
2024-05-19 13:29:06:296 [32minfo[39m: [32mTablas creadas correctamente[39m
2024-05-19 13:29:18:2918 [32minfo[39m: [32mConexión a la base de datos establecida[39m
2024-05-19 13:29:18:2918 [32minfo[39m: [32mTablas creadas correctamente[39m
2024-05-19 13:29:50:2950 [32minfo[39m: [32mConexión a la base de datos establecida[39m
2024-05-19 13:29:50:2950 [32minfo[39m: [32mTablas creadas correctamente[39m
2024-05-19 13:29:54:2954 [32minfo[39m: [32mConexión a la base de datos establecida[39m
2024-05-19 13:29:54:2954 [32minfo[39m: [32mTablas creadas correctamente[39m
2024-05-19 13:30:09:309 [32minfo[39m: [32mConexión a la base de datos establecida[39m
2024-05-19 13:30:09:309 [32minfo[39m: [32mTablas creadas correctamente[39m
2024-05-19 13:30:18:3018 [32minfo[39m: [32mConexión a la base de datos establecida[39m
2024-05-19 13:30:18:3018 [32minfo[39m: [32mTablas creadas correctamente[39m
2024-05-19 13:30:45:3045 [32minfo[39m: [32mConexión a la base de datos establecida[39m
2024-05-19 13:30:45:3045 [32minfo[39m: [32mTablas creadas correctamente[39m
2024-05-19 13:30:51:3051 [32minfo[39m: [32mConexión a la base de datos establecida[39m
2024-05-19 13:30:51:3051 [32minfo[39m: [32mTablas creadas correctamente[39m
2024-05-19 13:31:08:318 [32minfo[39m: [32mConexión a la base de datos establecida[39m
2024-05-19 13:31:08:318 [32minfo[39m: [32mTablas creadas correctamente[39m
2024-05-19 13:31:38:3138 [32minfo[39m: [32mConexión a la base de datos establecida[39m
2024-05-19 13:31:38:3138 [32minfo[39m: [32mConexión a la base de datos establecida[39m
2024-05-19 13:31:38:3138 [32minfo[39m: [32mTablas creadas correctamente[39m
2024-05-19 13:32:05:325 [32minfo[39m: [32mCompetencias obtenidas[39m
2024-05-19 13:32:12:3212 [32minfo[39m: [32mCompetencia con id 23 obtenida[39m
2024-05-19 13:33:42:3342 [32minfo[39m: [32mPrograma con id 25 obtenido[39m
2024-05-19 14:04:56:456 [32minfo[39m: [32mConexión a la base de datos establecida[39m
2024-05-19 14:04:56:456 [32minfo[39m: [32mTablas creadas correctamente[39m
2024-05-19 14:06:28:628 [32minfo[39m: [32mPrograma con id 25 obtenido[39m
2024-05-19 14:07:26:726 [32minfo[39m: [32mConexión a la base de datos establecida[39m
2024-05-19 14:07:26:726 [32minfo[39m: [32mTablas creadas correctamente[39m
2024-05-19 14:07:32:732 [32minfo[39m: [32mProgramas con competencias obtenidos[39m
2024-05-19 14:10:34:1034 [32minfo[39m: [32mConexión a la base de datos establecida[39m
2024-05-19 14:10:34:1034 [32minfo[39m: [32mTablas creadas correctamente[39m
2024-05-19 14:10:43:1043 [32minfo[39m: [32mProgramas con competencias obtenidos[39m
2024-05-19 14:12:02:122 [32minfo[39m: [32mConexión a la base de datos establecida[39m
2024-05-19 14:12:02:122 [32minfo[39m: [32mTablas creadas correctamente[39m
2024-05-19 14:13:47:1347 [32minfo[39m: [32mConexión a la base de datos establecida[39m
2024-05-19 14:13:47:1347 [32minfo[39m: [32mTablas creadas correctamente[39m
2024-05-19 14:13:50:1350 [32minfo[39m: [32mProgramas con competencias obtenidos[39m
2024-05-19 14:14:19:1419 [32minfo[39m: [32mConexión a la base de datos establecida[39m
2024-05-19 14:14:19:1419 [32minfo[39m: [32mTablas creadas correctamente[39m
2024-05-19 14:14:40:1440 [32minfo[39m: [32mConexión a la base de datos establecida[39m
2024-05-19 14:14:40:1440 [32minfo[39m: [32mTablas creadas correctamente[39m
2024-05-19 14:14:44:1444 [32minfo[39m: [32mProgramas con competencias obtenidos[39m
2024-05-19 14:16:37:1637 [32minfo[39m: [32mConexión a la base de datos establecida[39m
2024-05-19 14:16:37:1637 [32minfo[39m: [32mTablas creadas correctamente[39m
2024-05-19 14:16:43:1643 [32minfo[39m: [32mProgramas con competencias obtenidos[39m
2024-05-19 14:17:20:1720 [32minfo[39m: [32mConexión a la base de datos establecida[39m
2024-05-19 14:17:20:1720 [32minfo[39m: [32mTablas creadas correctamente[39m
2024-05-19 14:19:43:1943 [32minfo[39m: [32mProgramas con competencias obtenidos[39m
2024-05-19 14:22:03:223 [32minfo[39m: [32mConexión a la base de datos establecida[39m
2024-05-19 14:22:03:223 [32minfo[39m: [32mTablas creadas correctamente[39m
2024-05-19 14:22:20:2220 [32minfo[39m: [32mProgramas con competencias obtenidos[39m
2024-05-19 14:22:47:2247 [32minfo[39m: [32mConexión a la base de datos establecida[39m
2024-05-19 14:22:47:2247 [32minfo[39m: [32mTablas creadas correctamente[39m
2024-05-19 14:23:02:232 [32minfo[39m: [32mProgramas con competencias obtenidos[39m
2024-05-19 14:25:13:2513 [31merror[39m: [31mError al conectar a la base de datos: Connection attempt to the server was aborted. Timeout of 10000 ms was exceeded.[39m
2024-05-19 14:42:55:4255 [32minfo[39m: [32mConexión a la base de datos establecida[39m
2024-05-19 14:42:55:4255 [32minfo[39m: [32mTablas creadas correctamente[39m
2024-05-19 14:44:13:4413 [35mhttp[39m: [35mSe obtuvieron todos los docentes[39m
2024-05-19 14:44:18:4418 [32minfo[39m: [32mProgramas con competencias obtenidos[39m
2024-05-19 15:26:34:2634 [32minfo[39m: [32mConexión a la base de datos establecida[39m
2024-05-19 15:26:34:2634 [32minfo[39m: [32mTablas creadas correctamente[39m
2024-05-19 15:26:44:2644 [32minfo[39m: [32mConexión a la base de datos establecida[39m
2024-05-19 15:26:44:2644 [32minfo[39m: [32mTablas creadas correctamente[39m
2024-05-19 15:34:00:340 [32minfo[39m: [32mConexión a la base de datos establecida[39m
2024-05-19 15:34:00:340 [32minfo[39m: [32mTablas creadas correctamente[39m
2024-05-19 15:35:22:3522 [32minfo[39m: [32mConexión a la base de datos establecida[39m
2024-05-19 15:35:22:3522 [32minfo[39m: [32mTablas creadas correctamente[39m
2024-05-19 16:12:58:1258 [32minfo[39m: [32mConexión a la base de datos establecida[39m
2024-05-19 16:12:58:1258 [32minfo[39m: [32mTablas creadas correctamente[39m
2024-05-19 16:13:29:1329 [32minfo[39m: [32mConexión a la base de datos establecida[39m
2024-05-19 16:13:29:1329 [32minfo[39m: [32mTablas creadas correctamente[39m
2024-05-19 16:13:51:1351 [32minfo[39m: [32mConexión a la base de datos establecida[39m
2024-05-19 16:13:51:1351 [32minfo[39m: [32mTablas creadas correctamente[39m
2024-05-19 16:14:42:1442 [32minfo[39m: [32mConexión a la base de datos establecida[39m
2024-05-19 16:14:42:1442 [32minfo[39m: [32mTablas creadas correctamente[39m
2024-05-19 16:14:57:1457 [32minfo[39m: [32mConexión a la base de datos establecida[39m
2024-05-19 16:14:57:1457 [32minfo[39m: [32mTablas creadas correctamente[39m
2024-05-19 16:16:33:1633 [32minfo[39m: [32mProgramas con competencias obtenidos[39m
2024-05-19 16:17:58:1758 [32minfo[39m: [32mProgramas con competencias obtenidos[39m
2024-05-19 16:26:16:2616 [32minfo[39m: [32mConexión a la base de datos establecida[39m
2024-05-19 16:26:17:2617 [32minfo[39m: [32mTablas creadas correctamente[39m
2024-05-19 16:26:22:2622 [32minfo[39m: [32mProgramas con competencias obtenidos[39m
2024-05-19 16:27:19:2719 [32minfo[39m: [32mPrograma y competencias agregadas satisfactoriamente[39m
2024-05-19 16:27:20:2720 [32minfo[39m: [32mConexión a la base de datos establecida[39m
2024-05-19 16:27:20:2720 [32minfo[39m: [32mTablas creadas correctamente[39m
2024-05-19 16:27:29:2729 [32minfo[39m: [32mPrograma con id 31 obtenido[39m
2024-05-19 16:27:39:2739 [32minfo[39m: [32mPrograma con id 30 obtenido[39m
2024-05-19 16:27:43:2743 [32minfo[39m: [32mPrograma con id 29 obtenido[39m
2024-05-19 16:27:50:2750 [32minfo[39m: [32mPrograma con id 31 obtenido[39m
2024-05-19 16:27:55:2755 [32minfo[39m: [32mProgramas con competencias obtenidos[39m
2024-05-19 16:28:36:2836 [32minfo[39m: [32mConexión a la base de datos establecida[39m
2024-05-19 16:28:36:2836 [32minfo[39m: [32mTablas creadas correctamente[39m
2024-05-19 16:28:39:2839 [32minfo[39m: [32mPrograma con id 31 obtenido[39m
2024-05-19 16:32:25:3225 [32minfo[39m: [32mConexión a la base de datos establecida[39m
2024-05-19 16:32:25:3225 [32minfo[39m: [32mTablas creadas correctamente[39m
2024-05-19 16:32:31:3231 [32minfo[39m: [32mPrograma con id 2 obtenido[39m
2024-05-19 16:32:40:3240 [32minfo[39m: [32mProgramas con competencias obtenidos[39m
2024-05-19 16:32:55:3255 [32minfo[39m: [32mPrograma y competencias agregadas satisfactoriamente[39m
2024-05-19 16:32:56:3256 [32minfo[39m: [32mConexión a la base de datos establecida[39m
2024-05-19 16:32:56:3256 [32minfo[39m: [32mTablas creadas correctamente[39m
2024-05-19 16:33:05:335 [32minfo[39m: [32mPrograma con id 32 obtenido[39m
2024-05-19 16:41:51:4151 [32minfo[39m: [32mConexión a la base de datos establecida[39m
2024-05-19 16:41:51:4151 [31merror[39m: [31mError creando tablas: Failed to open the referenced table 'tblprograma'[39m
2024-05-19 16:43:18:4318 [32minfo[39m: [32mConexión a la base de datos establecida[39m
2024-05-19 16:43:18:4318 [32minfo[39m: [32mTablas creadas correctamente[39m
2024-05-19 16:44:19:4419 [32minfo[39m: [32mConexión a la base de datos establecida[39m
2024-05-19 16:44:19:4419 [32minfo[39m: [32mTablas creadas correctamente[39m
2024-05-19 16:44:30:4430 [32minfo[39m: [32mConexión a la base de datos establecida[39m
2024-05-19 16:44:30:4430 [32minfo[39m: [32mTablas creadas correctamente[39m
2024-05-19 16:45:03:453 [32minfo[39m: [32mConexión a la base de datos establecida[39m
2024-05-19 16:45:03:453 [32minfo[39m: [32mTablas creadas correctamente[39m
2024-05-19 16:45:32:4532 [32minfo[39m: [32mConexión a la base de datos establecida[39m
2024-05-19 16:45:32:4532 [32minfo[39m: [32mTablas creadas correctamente[39m
2024-05-19 16:45:49:4549 [32minfo[39m: [32mConexión a la base de datos establecida[39m
2024-05-19 16:45:49:4549 [32minfo[39m: [32mTablas creadas correctamente[39m
2024-05-19 16:46:03:463 [32minfo[39m: [32mConexión a la base de datos establecida[39m
2024-05-19 16:46:03:463 [32minfo[39m: [32mTablas creadas correctamente[39m
2024-05-19 16:46:11:4611 [32minfo[39m: [32mConexión a la base de datos establecida[39m
2024-05-19 16:46:11:4611 [32minfo[39m: [32mTablas creadas correctamente[39m
2024-05-19 16:46:53:4653 [32minfo[39m: [32mConexión a la base de datos establecida[39m
2024-05-19 16:46:53:4653 [32minfo[39m: [32mTablas creadas correctamente[39m
2024-05-19 16:47:26:4726 [32minfo[39m: [32mConexión a la base de datos establecida[39m
2024-05-19 16:47:26:4726 [32minfo[39m: [32mTablas creadas correctamente[39m
2024-05-19 16:47:47:4747 [32minfo[39m: [32mConexión a la base de datos establecida[39m
2024-05-19 16:47:47:4747 [32minfo[39m: [32mTablas creadas correctamente[39m
2024-05-19 16:48:13:4813 [32minfo[39m: [32mConexión a la base de datos establecida[39m
2024-05-19 16:48:13:4813 [32minfo[39m: [32mTablas creadas correctamente[39m
2024-05-19 16:48:27:4827 [32minfo[39m: [32mConexión a la base de datos establecida[39m
2024-05-19 16:48:27:4827 [32minfo[39m: [32mTablas creadas correctamente[39m
2024-05-19 16:48:33:4833 [32minfo[39m: [32mConexión a la base de datos establecida[39m
2024-05-19 16:48:33:4833 [32minfo[39m: [32mTablas creadas correctamente[39m
2024-05-19 16:49:03:493 [32minfo[39m: [32mConexión a la base de datos establecida[39m
2024-05-19 16:49:03:493 [32minfo[39m: [32mTablas creadas correctamente[39m
2024-05-19 17:00:03:03 [32minfo[39m: [32mConexión a la base de datos establecida[39m
2024-05-19 17:00:03:03 [32minfo[39m: [32mTablas creadas correctamente[39m
2024-05-19 17:00:34:034 [32minfo[39m: [32mConexión a la base de datos establecida[39m
2024-05-19 17:00:34:034 [32minfo[39m: [32mTablas creadas correctamente[39m
2024-05-19 17:00:41:041 [32minfo[39m: [32mConexión a la base de datos establecida[39m
2024-05-19 17:00:41:041 [32minfo[39m: [32mTablas creadas correctamente[39m
2024-05-19 17:00:50:050 [32minfo[39m: [32mConexión a la base de datos establecida[39m
2024-05-19 17:00:50:050 [32minfo[39m: [32mTablas creadas correctamente[39m
2024-05-19 17:00:57:057 [32minfo[39m: [32mConexión a la base de datos establecida[39m
2024-05-19 17:00:57:057 [32minfo[39m: [32mTablas creadas correctamente[39m
2024-05-19 17:01:05:15 [32minfo[39m: [32mConexión a la base de datos establecida[39m
2024-05-19 17:01:05:15 [32minfo[39m: [32mTablas creadas correctamente[39m
2024-05-19 17:01:10:110 [32minfo[39m: [32mConexión a la base de datos establecida[39m
2024-05-19 17:01:10:110 [32minfo[39m: [32mTablas creadas correctamente[39m
2024-05-19 17:01:25:125 [32minfo[39m: [32mConexión a la base de datos establecida[39m
2024-05-19 17:01:25:125 [32minfo[39m: [32mTablas creadas correctamente[39m
2024-05-19 17:01:39:139 [32minfo[39m: [32mConexión a la base de datos establecida[39m
2024-05-19 17:01:39:139 [32minfo[39m: [32mTablas creadas correctamente[39m
2024-05-19 17:01:47:147 [32minfo[39m: [32mConexión a la base de datos establecida[39m
2024-05-19 17:01:47:147 [32minfo[39m: [32mTablas creadas correctamente[39m
2024-05-19 17:01:51:151 [32minfo[39m: [32mConexión a la base de datos establecida[39m
2024-05-19 17:01:51:151 [32minfo[39m: [32mTablas creadas correctamente[39m
2024-05-19 17:02:31:231 [32minfo[39m: [32mConexión a la base de datos establecida[39m
2024-05-19 17:02:31:231 [32minfo[39m: [32mTablas creadas correctamente[39m
2024-05-19 17:02:33:233 [32minfo[39m: [32mConexión a la base de datos establecida[39m
2024-05-19 17:02:33:233 [32minfo[39m: [32mTablas creadas correctamente[39m
2024-05-19 17:03:46:346 [32minfo[39m: [32mConexión a la base de datos establecida[39m
2024-05-19 17:03:46:346 [32minfo[39m: [32mTablas creadas correctamente[39m
2024-05-19 17:04:11:411 [32minfo[39m: [32mConexión a la base de datos establecida[39m
2024-05-19 17:04:11:411 [32minfo[39m: [32mTablas creadas correctamente[39m
2024-05-19 17:04:34:434 [32minfo[39m: [32mConexión a la base de datos establecida[39m
2024-05-19 17:04:34:434 [32minfo[39m: [32mTablas creadas correctamente[39m
2024-05-19 17:10:13:1013 [32minfo[39m: [32mConexión a la base de datos establecida[39m
2024-05-19 17:10:14:1014 [32minfo[39m: [32mTablas creadas correctamente[39m
2024-05-19 17:15:24:1524 [32minfo[39m: [32mConexión a la base de datos establecida[39m
2024-05-19 17:15:24:1524 [32minfo[39m: [32mTablas creadas correctamente[39m
2024-05-19 17:15:53:1553 [32minfo[39m: [32mConexión a la base de datos establecida[39m
2024-05-19 17:15:53:1553 [32minfo[39m: [32mTablas creadas correctamente[39m
2024-05-19 17:17:11:1711 [32minfo[39m: [32mConexión a la base de datos establecida[39m
2024-05-19 17:17:11:1711 [32minfo[39m: [32mTablas creadas correctamente[39m
2024-05-19 17:33:29:3329 [32minfo[39m: [32mConexión a la base de datos establecida[39m
2024-05-19 17:33:29:3329 [32minfo[39m: [32mTablas creadas correctamente[39m
2024-05-19 17:34:50:3450 [35mhttp[39m: [35mSe obtuvieron todos los docentes[39m
2024-05-19 17:35:07:357 [35mhttp[39m: [35mSe obtuvieron todos los Periodos Academicos[39m
2024-05-19 17:37:35:3735 [35mhttp[39m: [35mSe obtuvieron todos los Periodos Academicos[39m
2024-05-19 17:37:37:3737 [35mhttp[39m: [35mSe obtuvieron todos los Periodos Academicos[39m
2024-05-19 17:38:16:3816 [32minfo[39m: [32mConexión a la base de datos establecida[39m
2024-05-19 17:38:16:3816 [32minfo[39m: [32mTablas creadas correctamente[39m
2024-05-19 17:38:25:3825 [35mhttp[39m: [35mSe obtuvieron todos los Periodos Academicos[39m
2024-05-19 17:38:42:3842 [32minfo[39m: [32mConexión a la base de datos establecida[39m
2024-05-19 17:38:42:3842 [32minfo[39m: [32mTablas creadas correctamente[39m
2024-05-19 17:38:47:3847 [35mhttp[39m: [35mSe obtuvieron todos los Periodos Academicos[39m
2024-05-19 17:39:10:3910 [32minfo[39m: [32mProgramas con competencias obtenidos[39m
2024-05-19 17:39:25:3925 [32minfo[39m: [32mCompetencias obtenidas[39m
2024-05-19 17:39:52:3952 [32minfo[39m: [32mConexión a la base de datos establecida[39m
2024-05-19 17:39:52:3952 [32minfo[39m: [32mTablas creadas correctamente[39m
2024-05-19 17:40:05:405 [32minfo[39m: [32mConexión a la base de datos establecida[39m
2024-05-19 17:40:05:405 [32minfo[39m: [32mTablas creadas correctamente[39m
2024-05-19 17:40:09:409 [32minfo[39m: [32mConexión a la base de datos establecida[39m
2024-05-19 17:40:09:409 [32minfo[39m: [32mTablas creadas correctamente[39m
2024-05-19 17:40:34:4034 [35mhttp[39m: [35mSe obtuvieron todos los Periodos Academicos[39m
2024-05-19 17:41:22:4122 [32minfo[39m: [32mConexión a la base de datos establecida[39m
2024-05-19 17:41:22:4122 [32minfo[39m: [32mTablas creadas correctamente[39m
2024-05-19 17:41:26:4126 [31merror[39m: [31mError al obtener los Periodos Academicos[39m
2024-05-19 17:42:14:4214 [32minfo[39m: [32mConexión a la base de datos establecida[39m
2024-05-19 17:42:14:4214 [32minfo[39m: [32mTablas creadas correctamente[39m
2024-05-19 17:42:18:4218 [31merror[39m: [31mError al obtener los Periodos Academicos[39m
2024-05-19 17:43:22:4322 [32minfo[39m: [32mUsuario creado correctamente[39m
2024-05-19 17:44:01:441 [32minfo[39m: [32mUsuario autenticado correctamente[39m
2024-05-19 17:44:32:4432 [35mhttp[39m: [35mSe obtuvieron todos los docentes[39m
2024-05-19 17:45:32:4532 [32minfo[39m: [32mConexión a la base de datos establecida[39m
2024-05-19 17:45:32:4532 [32minfo[39m: [32mTablas creadas correctamente[39m
2024-05-19 17:45:54:4554 [32minfo[39m: [32mConexión a la base de datos establecida[39m
2024-05-19 17:45:54:4554 [32minfo[39m: [32mTablas creadas correctamente[39m
2024-05-19 17:46:29:4629 [31merror[39m: [31mError al obtener los Periodos Academicos[39m
2024-05-19 17:47:22:4722 [32minfo[39m: [32mConexión a la base de datos establecida[39m
2024-05-19 17:47:22:4722 [32minfo[39m: [32mTablas creadas correctamente[39m
2024-05-19 17:47:31:4731 [35mhttp[39m: [35mSe obtuvieron todos los Periodos Academicos[39m
2024-05-19 17:47:55:4755 [32minfo[39m: [32mConexión a la base de datos establecida[39m
2024-05-19 17:47:55:4755 [32minfo[39m: [32mTablas creadas correctamente[39m
2024-05-19 17:48:01:481 [32minfo[39m: [32mConexión a la base de datos establecida[39m
2024-05-19 17:48:01:481 [32minfo[39m: [32mTablas creadas correctamente[39m
2024-05-19 17:48:06:486 [35mhttp[39m: [35mSe obtuvieron todos los Periodos Academicos[39m
2024-05-19 17:48:16:4816 [32minfo[39m: [32mConexión a la base de datos establecida[39m
2024-05-19 17:48:16:4816 [32minfo[39m: [32mTablas creadas correctamente[39m
2024-05-19 17:48:17:4817 [35mhttp[39m: [35mSe obtuvieron todos los Periodos Academicos[39m
2024-05-19 17:48:57:4857 [32minfo[39m: [32mConexión a la base de datos establecida[39m
2024-05-19 17:48:57:4857 [32minfo[39m: [32mTablas creadas correctamente[39m
2024-05-19 17:48:59:4859 [32minfo[39m: [32mConexión a la base de datos establecida[39m
2024-05-19 17:48:59:4859 [32minfo[39m: [32mTablas creadas correctamente[39m
2024-05-19 17:49:01:491 [35mhttp[39m: [35mSe obtuvieron todos los Periodos Academicos[39m
2024-05-19 17:49:03:493 [35mhttp[39m: [35mSe obtuvieron todos los Periodos Academicos[39m
2024-05-19 17:49:22:4922 [32minfo[39m: [32mConexión a la base de datos establecida[39m
2024-05-19 17:49:22:4922 [32minfo[39m: [32mTablas creadas correctamente[39m
2024-05-19 17:49:32:4932 [32minfo[39m: [32mConexión a la base de datos establecida[39m
2024-05-19 17:49:32:4932 [32minfo[39m: [32mTablas creadas correctamente[39m
2024-05-19 17:49:36:4936 [31merror[39m: [31mError al obtener los Periodos Academicos[39m
2024-05-19 17:50:11:5011 [32minfo[39m: [32mConexión a la base de datos establecida[39m
2024-05-19 17:50:11:5011 [32minfo[39m: [32mTablas creadas correctamente[39m
2024-05-19 17:50:16:5016 [32minfo[39m: [32mConexión a la base de datos establecida[39m
2024-05-19 17:50:16:5016 [32minfo[39m: [32mTablas creadas correctamente[39m
2024-05-19 17:50:22:5022 [31merror[39m: [31mError al obtener los Periodos Academicos[39m
2024-05-19 17:51:12:5112 [32minfo[39m: [32mConexión a la base de datos establecida[39m
2024-05-19 17:51:12:5112 [32minfo[39m: [32mTablas creadas correctamente[39m
2024-05-19 17:51:14:5114 [35mhttp[39m: [35mSe obtuvieron todos los Periodos Academicos[39m
2024-05-19 17:52:04:524 [32minfo[39m: [32mConexión a la base de datos establecida[39m
2024-05-19 17:52:04:524 [32minfo[39m: [32mTablas creadas correctamente[39m
2024-05-19 17:52:13:5213 [32minfo[39m: [32mConexión a la base de datos establecida[39m
2024-05-19 17:52:13:5213 [32minfo[39m: [32mTablas creadas correctamente[39m
2024-05-19 17:52:16:5216 [35mhttp[39m: [35mSe obtuvieron todos los Periodos Academicos[39m
2024-05-19 17:54:09:549 [32minfo[39m: [32mConexión a la base de datos establecida[39m
2024-05-19 17:54:09:549 [32minfo[39m: [32mTablas creadas correctamente[39m
2024-05-19 17:54:11:5411 [35mhttp[39m: [35mSe obtuvieron todos los Periodos Academicos[39m
2024-05-19 17:54:27:5427 [35mhttp[39m: [35mSe obtuvieron todos los Periodos Academicos[39m
2024-05-19 17:55:48:5548 [32minfo[39m: [32mConexión a la base de datos establecida[39m
2024-05-19 17:55:48:5548 [32minfo[39m: [32mTablas creadas correctamente[39m
2024-05-19 17:56:26:5626 [32minfo[39m: [32mConexión a la base de datos establecida[39m
2024-05-19 17:56:26:5626 [32minfo[39m: [32mTablas creadas correctamente[39m
2024-05-19 17:56:43:5643 [32minfo[39m: [32mConexión a la base de datos establecida[39m
2024-05-19 17:56:43:5643 [32minfo[39m: [32mTablas creadas correctamente[39m
2024-05-19 17:56:56:5656 [32minfo[39m: [32mConexión a la base de datos establecida[39m
2024-05-19 17:56:56:5656 [32minfo[39m: [32mTablas creadas correctamente[39m
2024-05-19 17:57:38:5738 [32minfo[39m: [32mConexión a la base de datos establecida[39m
2024-05-19 17:57:38:5738 [32minfo[39m: [32mTablas creadas correctamente[39m
2024-05-19 17:58:36:5836 [32minfo[39m: [32mConexión a la base de datos establecida[39m
2024-05-19 17:58:36:5836 [32minfo[39m: [32mTablas creadas correctamente[39m
2024-05-19 17:58:48:5848 [35mhttp[39m: [35mSe obtuvieron todos los Periodos Academicos[39m
