2024-05-16 00:16:29:1629 [31merror[39m: [31mError al autenticar usuario[39m
2024-05-16 00:19:40:1940 [31merror[39m: [31mError al autenticar usuario[39m
2024-05-16 00:20:48:2048 [31merror[39m: [31mError al autenticar usuario[39m
2024-05-16 00:21:17:2117 [31merror[39m: [31mError al autenticar usuario[39m
2024-05-16 00:27:55:2755 [31merror[39m: [31mError al autenticar usuario[39m
2024-05-16 00:28:29:2829 [31merror[39m: [31mError al autenticar usuario[39m
2024-05-16 00:31:29:3129 [31merror[39m: [31mError al autenticar usuario[39m
2024-05-16 00:31:38:3138 [31merror[39m: [31mError al autenticar usuario[39m
2024-05-16 00:32:18:3218 [31merror[39m: [31mError al autenticar usuario[39m
2024-05-16 00:33:03:333 [31merror[39m: [31mError al autenticar usuario[39m
2024-05-16 00:46:20:4620 [31merror[39m: [31mError al autenticar usuario[39m
2024-05-16 00:47:16:4716 [31merror[39m: [31mError al autenticar usuario[39m
2024-05-16 00:51:17:5117 [31merror[39m: [31mError al autenticar usuario[39m
2024-05-16 01:05:49:549 [31merror[39m: [31mError al autenticar usuario[39m
2024-05-16 01:15:58:1558 [31merror[39m: [31mError al autenticar usuario[39m
2024-05-16 01:16:51:1651 [31merror[39m: [31mError al autenticar usuario[39m
2024-05-16 01:18:20:1820 [31merror[39m: [31mError al autenticar usuario[39m
2024-05-16 01:19:28:1928 [31merror[39m: [31mError al autenticar usuario[39m
2024-05-16 01:19:38:1938 [31merror[39m: [31mError al autenticar usuario[39m
2024-05-16 01:20:52:2052 [31merror[39m: [31mError al autenticar usuario[39m
2024-05-16 01:25:07:257 [31merror[39m: [31mError al autenticar usuario[39m
2024-05-16 01:25:34:2534 [31merror[39m: [31mError al autenticar usuario[39m
2024-05-16 01:27:21:2721 [31merror[39m: [31mError al autenticar usuario[39m
2024-05-16 01:29:22:2922 [31merror[39m: [31mError al autenticar usuario[39m
2024-05-16 01:34:51:3451 [31merror[39m: [31mError al autenticar usuario[39m
2024-05-16 01:34:56:3456 [31merror[39m: [31mError al autenticar usuario[39m
2024-05-16 01:39:33:3933 [31merror[39m: [31mError al autenticar usuario[39m
2024-05-16 01:42:36:4236 [31merror[39m: [31mError al autenticar usuario[39m
2024-05-16 01:51:23:5123 [31merror[39m: [31mCredenciales incorrectas[39m
2024-05-16 01:52:55:5255 [31merror[39m: [31mUsuario o contraseña incorrectos[39m
2024-05-16 01:53:04:534 [31merror[39m: [31mUsuario o contraseña incorrectos[39m
2024-05-16 01:53:54:5354 [31merror[39m: [31mUsuario o contraseña incorrectos[39m
2024-05-16 01:56:02:562 [31merror[39m: [31mUsuario o contraseña incorrectos[39m
2024-05-16 02:02:13:213 [31merror[39m: [31mError al autenticar usuario[39m
2024-05-16 02:03:24:324 [31merror[39m: [31mError al autenticar usuario[39m
2024-05-16 03:37:31:3731 [31merror[39m: [31mError al crear usuario[39m
2024-05-18 22:23:28:2328 [31merror[39m: [31mError al conectar a la base de datos: Unknown database 'gestion_horario'[39m
2024-05-18 22:26:31:2631 [31merror[39m: [31mError al conectar a la base de datos: Unknown database 'gestion_horario'[39m
2024-05-18 22:28:04:284 [31merror[39m: [31mError al conectar a la base de datos: Unknown database 'gestion_horario'[39m
2024-05-18 22:30:16:3016 [31merror[39m: [31mError creando tablas: Cannot read properties of undefined (reading 'schema')[39m
2024-05-18 22:30:54:3054 [31merror[39m: [31mError creando tablas: Cannot read properties of undefined (reading 'schema')[39m
2024-05-18 22:31:11:3111 [31merror[39m: [31mError creando tablas: Cannot read properties of undefined (reading 'schema')[39m
2024-05-18 22:31:25:3125 [31merror[39m: [31mError creando tablas: You have an error in your SQL syntax; check the manual that corresponds to your MySQL server version for the right syntax to use near 'CREATE TABLE IF NOT EXISTS tblPrograma ([39m
[31m                programa_id INT AUTO_IN' at line 2[39m
2024-05-18 22:34:36:3436 [31merror[39m: [31mError creando tablas: You have an error in your SQL syntax; check the manual that corresponds to your MySQL server version for the right syntax to use near 'CREATE TABLE IF NOT EXISTS tblPrograma ([39m
[31m                programa_id INT AUTO_IN' at line 2[39m
2024-05-18 22:37:54:3754 [31merror[39m: [31mError creando tablas: Referencing column 'ambiente_id' and referenced column 'ambiente_id' in foreign key constraint 'tblhorario_ibfk_3' are incompatible.[39m
2024-05-19 12:40:02:402 [31merror[39m: [31mError al conectar a la base de datos: Unknown database 'gestion_horario'[39m
2024-05-19 14:25:13:2513 [31merror[39m: [31mError al conectar a la base de datos: Connection attempt to the server was aborted. Timeout of 10000 ms was exceeded.[39m
2024-05-19 16:41:51:4151 [31merror[39m: [31mError creando tablas: Failed to open the referenced table 'tblprograma'[39m
2024-05-19 17:41:26:4126 [31merror[39m: [31mError al obtener los Periodos Academicos[39m
2024-05-19 17:42:18:4218 [31merror[39m: [31mError al obtener los Periodos Academicos[39m
2024-05-19 17:46:29:4629 [31merror[39m: [31mError al obtener los Periodos Academicos[39m
2024-05-19 17:49:36:4936 [31merror[39m: [31mError al obtener los Periodos Academicos[39m
2024-05-19 17:50:22:5022 [31merror[39m: [31mError al obtener los Periodos Academicos[39m
2024-05-19 18:25:54:2554 [31merror[39m: [31mError al obtener los Periodos Academicos[39m
2024-05-19 18:26:07:267 [31merror[39m: [31mError al obtener los Periodos Academicos[39m
2024-05-19 18:26:47:2647 [31merror[39m: [31mError al obtener los Periodos Academicos[39m
2024-05-19 18:36:11:3611 [31merror[39m: [31mError al obtener los Periodos Academicos[39m
2024-05-19 18:44:39:4439 [31merror[39m: [31mError al autenticar usuario[39m
2024-05-19 18:51:18:5118 [31merror[39m: [31mError al obtener los Periodos Academicos[39m
2024-05-19 18:51:55:5155 [31merror[39m: [31mError al obtener los Periodos Academicos[39m
2024-05-19 18:52:24:5224 [31merror[39m: [31mError al obtener los Periodos Academicos[39m
2024-05-19 18:52:50:5250 [31merror[39m: [31mError al obtener los Periodos Academicos[39m
2024-05-19 21:04:59:459 [31merror[39m: [31mError al autenticar usuario[39m
2024-05-19 21:18:50:1850 [31merror[39m: [31mError al autenticar usuario[39m
2024-05-19 21:19:06:196 [31merror[39m: [31mError al autenticar usuario[39m
2024-05-19 21:19:27:1927 [31merror[39m: [31mError al autenticar usuario[39m
2024-05-20 12:07:15:715 [31merror[39m: [31mError al agregar el Periodo Academico[39m
2024-05-20 12:09:57:957 [31merror[39m: [31mError al actualizar el Periodo Academico[39m
2024-05-21 19:03:32:332 [31merror[39m: [31mDocente no encontrado[39m
2024-05-21 20:00:14:014 [31merror[39m: [31mError al crear usuario[39m
2024-05-21 20:27:54:2754 [31merror[39m: [31mError al autenticar usuario[39m
2024-05-21 20:33:32:3332 [31merror[39m: [31mError al autenticar usuario[39m
2024-05-21 23:20:06:206 [31merror[39m: [31mError al autenticar usuario You have an error in your SQL syntax; check the manual that corresponds to your MySQL server version for the right syntax to use near '?' at line 1[39m
2024-05-22 14:23:59:2359 [31merror[39m: [31mError al conectar a la base de datos: read ECONNRESET[39m
2024-05-22 17:06:26:626 [31merror[39m: [31mError al obtener programas[39m
2024-05-22 17:06:31:631 [31merror[39m: [31mError al obtener programas[39m
2024-05-22 17:14:42:1442 [31merror[39m: [31mError al actualizar programa y competencias read ECONNRESET[39m
2024-05-22 17:22:44:2244 [31merror[39m: [31mError creando relación con competencia 23 read ECONNRESET[39m
2024-05-22 17:22:44:2244 [31merror[39m: [31mError al actualizar programa y competencias read ECONNRESET[39m
2024-05-22 17:22:44:2244 [31merror[39m: [31mError creando relación con competencia 40 read ECONNRESET[39m
2024-05-22 17:22:44:2244 [31merror[39m: [31mError creando relación con competencia 2 read ECONNRESET[39m
2024-05-22 17:22:44:2244 [31merror[39m: [31mError creando relación con competencia 1[39m
2024-05-22 17:27:48:2748 [31merror[39m: [31mError al actualizar programa y competencias read ECONNRESET[39m
2024-05-22 17:28:28:2828 [31merror[39m: [31mError al actualizar programa y competencias read ECONNRESET[39m
2024-05-22 17:33:22:3322 [31merror[39m: [31mError al actualizar programa y competencias Error en la actualización de relaciones[39m
2024-05-22 17:46:26:4626 [31merror[39m: [31mError en post request, reintentando... read ECONNRESET[39m
2024-05-22 17:46:26:4626 [31merror[39m: [31mError en post request, reintentando... read ECONNRESET[39m
2024-05-22 17:46:55:4655 [31merror[39m: [31mError en post request, reintentando... socket hang up[39m
2024-05-22 17:58:23:5823 [31merror[39m: [31mError en put request, reintentando... Request failed with status code 404[39m
2024-05-22 17:58:26:5826 [31merror[39m: [31mError en put request, reintentando... Request failed with status code 404[39m
2024-05-22 17:58:28:5828 [31merror[39m: [31mError en put request, reintentando... Request failed with status code 404[39m
2024-05-22 17:58:29:5829 [31merror[39m: [31mError en put request, reintentando... Request failed with status code 404[39m
2024-05-22 17:58:52:5852 [31merror[39m: [31mError al actualizar estado de programa Request failed with status code 404[39m
2024-05-22 17:58:56:5856 [31merror[39m: [31mError al actualizar estado de programa Request failed with status code 404[39m
2024-05-22 17:58:57:5857 [31merror[39m: [31mError al actualizar estado de programa Request failed with status code 404[39m
2024-05-22 18:03:52:352 [31merror[39m: [31mError al obtener el programa con id 34[39m
2024-05-22 18:33:59:3359 [31merror[39m: [31mError al actualizar estado de programa Request failed with status code 404[39m
2024-05-22 18:34:30:3430 [31merror[39m: [31mError al actualizar estado de una competencia Request failed with status code 404[39m
2024-05-22 18:34:46:3446 [31merror[39m: [31mError al actualizar estado de una competencia Request failed with status code 404[39m
2024-05-22 18:39:33:3933 [31merror[39m: [31mError en post request, reintentando... read ECONNRESET[39m
2024-05-22 18:39:33:3933 [31merror[39m: [31mError en post request, reintentando... socket hang up[39m
2024-05-22 19:16:15:1615 [31merror[39m: [31mError al obtener los Periodos Academicos[39m
<<<<<<< HEAD
2024-05-22 22:35:28:3528 [31merror[39m: [31mError al actualizar el Periodo Academico[39m
2024-05-22 22:37:43:3743 [31merror[39m: [31mError al actualizar el Periodo Academico[39m
2024-05-22 22:38:21:3821 [31merror[39m: [31mError al actualizar el Periodo Academico[39m
2024-05-22 22:39:43:3943 [31merror[39m: [31mError al actualizar el Periodo Academico[39m
2024-05-22 22:43:52:4352 [31merror[39m: [31mError al actualizar el Periodo Academico[39m
2024-05-22 22:44:12:4412 [31merror[39m: [31mError al actualizar el Periodo Academico[39m
2024-05-22 22:53:19:5319 [31merror[39m: [31mError al actualizar el Periodo Academico[39m
2024-05-22 23:07:02:72 [31merror[39m: [31mError al actualizar el Periodo Academico[39m
2024-05-22 23:07:47:747 [31merror[39m: [31mError al actualizar el Periodo Academico[39m
2024-05-22 23:18:34:1834 [31merror[39m: [31mError al actualizar el Periodo Academico[39m
2024-05-22 23:19:22:1922 [31merror[39m: [31mError al actualizar el Periodo Academico[39m
2024-05-22 23:19:27:1927 [31merror[39m: [31mError al actualizar el Periodo Academico[39m
2024-05-22 23:19:34:1934 [31merror[39m: [31mError al actualizar el Periodo Academico[39m
2024-05-22 23:23:43:2343 [31merror[39m: [31mError al actualizar el Periodo Academico[39m
2024-05-22 23:24:17:2417 [31merror[39m: [31mError al actualizar el Periodo Academico[39m
2024-05-22 23:26:59:2659 [31merror[39m: [31mError al crear usuario[39m
2024-05-22 23:29:57:2957 [31merror[39m: [31mError al actualizar el Periodo Academico[39m
2024-05-22 23:30:05:305 [31merror[39m: [31mError al actualizar el Periodo Academico[39m
2024-05-22 23:48:25:4825 [31merror[39m: [31mError al actualizar el Periodo Academico[39m
2024-05-22 23:54:06:546 [31merror[39m: [31mError al actualizar el Periodo Academico[39m
2024-05-22 23:54:24:5424 [31merror[39m: [31mError, estado de periodo academico actualizado insatisfactoriamente[39m
2024-05-22 23:55:06:556 [31merror[39m: [31mError, estado de periodo academico actualizado insatisfactoriamente[39m
2024-05-22 23:55:51:5551 [31merror[39m: [31mError, estado de periodo academico actualizado insatisfactoriamente[39m
2024-05-22 23:57:27:5727 [31merror[39m: [31mError, estado de periodo academico actualizado insatisfactoriamente[39m
2024-05-22 23:57:41:5741 [31merror[39m: [31mError, estado de periodo academico actualizado insatisfactoriamente[39m
2024-05-22 23:59:00:590 [31merror[39m: [31mError, estado de periodo academico actualizado insatisfactoriamente[39m
2024-05-22 23:59:52:5952 [31merror[39m: [31mError, estado de periodo academico actualizado insatisfactoriamente[39m
2024-05-23 00:00:15:015 [31merror[39m: [31mError, estado de periodo academico actualizado insatisfactoriamente[39m
2024-05-23 00:01:32:132 [31merror[39m: [31mError, estado de periodo academico actualizado insatisfactoriamente[39m
2024-05-23 00:03:42:342 [31merror[39m: [31mError, estado de periodo academico actualizado insatisfactoriamente[39m
2024-05-23 00:04:55:455 [31merror[39m: [31mError, estado de periodo academico actualizado insatisfactoriamente[39m
2024-05-23 00:06:47:647 [31merror[39m: [31mError, estado de periodo academico actualizado insatisfactoriamente[39m
2024-05-23 00:07:40:740 [31merror[39m: [31mError, estado de periodo academico actualizado insatisfactoriamente[39m
=======
2024-05-22 22:49:49:4949 [31merror[39m: [31mError al autenticar usuario[39m
2024-05-22 22:49:52:4952 [31merror[39m: [31mError al autenticar usuario[39m
2024-05-22 22:49:53:4953 [31merror[39m: [31mError al autenticar usuario[39m
2024-05-22 22:49:53:4953 [31merror[39m: [31mError al autenticar usuario[39m
2024-05-22 22:49:55:4955 [31merror[39m: [31mError al autenticar usuario[39m
2024-05-22 22:49:57:4957 [31merror[39m: [31mError al autenticar usuario[39m
2024-05-22 22:49:58:4958 [31merror[39m: [31mError al autenticar usuario[39m
2024-05-22 22:49:59:4959 [31merror[39m: [31mError al autenticar usuario[39m
2024-05-22 22:49:59:4959 [31merror[39m: [31mError al autenticar usuario[39m
2024-05-22 22:49:59:4959 [31merror[39m: [31mError al autenticar usuario[39m
2024-05-22 22:49:59:4959 [31merror[39m: [31mError al autenticar usuario[39m
2024-05-22 22:50:00:500 [31merror[39m: [31mError al autenticar usuario[39m
2024-05-22 22:50:00:500 [31merror[39m: [31mError al autenticar usuario[39m
2024-05-22 22:50:01:501 [31merror[39m: [31mError al autenticar usuario[39m
>>>>>>> 71a0c0bc16c680b351c0e7a71118744296c420ad
2024-05-23 18:09:06:96 [31merror[39m: [31mDocente no encontrado[39m
2024-05-23 18:09:06:96 [31merror[39m: [31mDocente no encontrado[39m
2024-05-23 18:09:14:914 [31merror[39m: [31mDocente no encontrado[39m
2024-05-23 18:09:14:914 [31merror[39m: [31mDocente no encontrado[39m
2024-05-23 18:09:15:915 [31merror[39m: [31mDocente no encontrado[39m
2024-05-23 18:09:15:915 [31merror[39m: [31mDocente no encontrado[39m
2024-05-23 18:09:15:915 [31merror[39m: [31mDocente no encontrado[39m
2024-05-23 18:09:15:915 [31merror[39m: [31mDocente no encontrado[39m
2024-05-23 18:09:16:916 [31merror[39m: [31mDocente no encontrado[39m
2024-05-23 18:09:16:916 [31merror[39m: [31mDocente no encontrado[39m
2024-05-23 18:09:16:916 [31merror[39m: [31mDocente no encontrado[39m
2024-05-23 18:09:16:916 [31merror[39m: [31mDocente no encontrado[39m
2024-05-23 18:09:17:917 [31merror[39m: [31mDocente no encontrado[39m
2024-05-23 18:09:17:917 [31merror[39m: [31mDocente no encontrado[39m
2024-05-23 18:09:17:917 [31merror[39m: [31mDocente no encontrado[39m
2024-05-23 18:09:17:917 [31merror[39m: [31mDocente no encontrado[39m
2024-05-23 18:09:18:918 [31merror[39m: [31mDocente no encontrado[39m
2024-05-23 18:09:18:918 [31merror[39m: [31mDocente no encontrado[39m
2024-05-23 18:09:18:918 [31merror[39m: [31mDocente no encontrado[39m
2024-05-23 18:09:18:918 [31merror[39m: [31mDocente no encontrado[39m
2024-05-23 18:09:19:919 [31merror[39m: [31mDocente no encontrado[39m
2024-05-23 18:09:19:919 [31merror[39m: [31mDocente no encontrado[39m
2024-05-23 18:10:22:1022 [31merror[39m: [31mDocente no encontrado[39m
2024-05-23 18:10:22:1022 [31merror[39m: [31mDocente no encontrado[39m
2024-05-23 18:11:48:1148 [31merror[39m: [31mDocente no encontrado[39m
2024-05-23 18:13:32:1332 [31merror[39m: [31mDocente no encontrado[39m
2024-05-23 18:43:12:4312 [31merror[39m: [31mError al conectar a la base de datos: connection is not defined[39m
2024-05-23 18:58:28:5828 [31merror[39m: [31mError creando tablas: Incorrect table definition; there can be only one auto column and it must be defined as a key[39m
2024-05-23 21:39:28:3928 [31merror[39m: [31mError al agregar el Periodo Academico[39m
2024-05-23 21:46:41:4641 [31merror[39m: [31mError al autenticar usuario[39m
2024-05-24 02:17:04:174 [31merror[39m: [31mError al autenticar usuario[39m
2024-05-24 04:18:03:183 [31merror[39m: [31mError, estado de periodo academico actualizado insatisfactoriamente[39m
2024-05-24 04:20:31:2031 [31merror[39m: [31mError, estado de periodo academico actualizado insatisfactoriamente[39m
